<?xml version="1.0" encoding="UTF-8"?>
<!-- Generated by org.testng.reporters.JUnitReportReporter -->
<testsuite hostname="R2D2" failures="0" tests="2" name="testCases.TC001_AccountRegistrationTest" time="5.880" errors="0" timestamp="2025-04-04T07:35:53 IST" skipped="0">
  <testcase classname="testCases.TC001_AccountRegistrationTest" name="verify_account_registration" time="2.634"/>
  <testcase classname="testCases.TC001_AccountRegistrationTest" name="verify_account_registration" time="3.246"/>
</testsuite> <!-- testCases.TC001_AccountRegistrationTest -->
