<?xml version="1.0" encoding="UTF-8"?>
<!-- Generated by org.testng.reporters.JUnitReportReporter -->
<testsuite hostname="R2D2" failures="0" tests="2" name="testCases.TC002_LoginTest" time="4.342" errors="0" timestamp="2025-04-04T07:35:53 IST" skipped="0">
  <testcase classname="testCases.TC002_LoginTest" name="verifyLogin" time="1.894"/>
  <testcase classname="testCases.TC002_LoginTest" name="verifyLogin" time="2.448"/>
</testsuite> <!-- testCases.TC002_LoginTest -->
