<?xml version="1.0" encoding="UTF-8"?>
<!-- Generated by org.testng.reporters.JUnitReportReporter -->
<testsuite hostname="R2D2" failures="0" tests="1" name="testCases.TC002_LoginTest" time="2.398" errors="0" timestamp="2025-04-05T18:09:28 IST" skipped="0">
  <testcase classname="testCases.TC002_LoginTest" name="verifyLogin" time="2.398"/>
</testsuite> <!-- testCases.TC002_LoginTest -->
