<?xml version="1.0" encoding="UTF-8"?>
<!-- Generated by org.testng.reporters.JUnitXMLReporter -->
<testsuite ignored="0" hostname="R2D2" failures="0" tests="2" name="Test-linuxfirefox" time="27.661" errors="0" timestamp="2025-04-04T07:35:53 IST">
  <testcase classname="testCases.TC001_AccountRegistrationTest" name="verify_account_registration" time="2.634"/>
  <testcase classname="testCases.TC002_LoginTest" name="verifyLogin" time="2.448"/>
</testsuite> <!-- Test-linuxfirefox -->
