<?xml version="1.0" encoding="UTF-8"?>
<!-- Generated by org.testng.reporters.JUnitXMLReporter -->
<testsuite ignored="0" hostname="R2D2" failures="0" tests="2" name="Test-linuxchrome" time="13.47" errors="0" timestamp="2025-04-04T07:35:24 IST">
  <testcase classname="testCases.TC001_AccountRegistrationTest" name="verify_account_registration" time="3.246"/>
  <testcase classname="testCases.TC002_LoginTest" name="verifyLogin" time="1.894"/>
</testsuite> <!-- Test-linuxchrome -->
